#
# There is insufficient memory for the Java Runtime Environment to continue.
# Native memory allocation (mmap) failed to map 2097152 bytes for G1 virtual space
# Possible reasons:
#   The system is out of physical RAM or swap space
#   The process is running with CompressedOops enabled, and the Java Heap may be blocking the growth of the native heap
# Possible solutions:
#   Reduce memory load on the system
#   Increase physical memory or swap space
#   Check if swap backing store is full
#   Decrease Java heap size (-Xmx/-Xms)
#   Decrease number of Java threads
#   Decrease Java thread stack sizes (-Xss)
#   Set larger code cache with -XX:ReservedCodeCacheSize=
#   JVM is running with Unscaled Compressed Oops mode in which the Java heap is
#     placed in the first 4GB address space. The Java Heap base address is the
#     maximum limit for the native heap growth. Please use -XX:HeapBaseMinAddress
#     to set the Java Heap base and to place the Java Heap above 4GB virtual address.
# This output file may be truncated or incomplete.
#
#  Out of Memory Error (os_windows.cpp:3825), pid=8376, tid=17512
#
# JRE version:  (17.0.9+7) (build )
# Java VM: OpenJDK 64-Bit Server VM (17.0.9+7-b1087.7, mixed mode, sharing, tiered, compressed oops, compressed class ptrs, g1 gc, windows-amd64)
# No core dump will be written. Minidumps are not enabled by default on client versions of Windows
#

---------------  S U M M A R Y ------------

Command Line: -Djava.rmi.server.hostname=127.0.0.1 -Duser.timezone=UTC -Xmx2048m -Xms128m -Djdbc.classpath=C:\JetBrains\IntelliJ IDEA 2023.3\plugins\DatabaseTools\lib\jdbc-console.jar;C:\Users\EWGCS\AppData\Roaming\JetBrains\IntelliJIdea2023.3\jdbc-drivers\Oracle\21.5.0.0\com\oracle\database\jdbc\ojdbc11\21.5.0.0\ojdbc11-21.5.0.0.jar;C:\Users\EWGCS\AppData\Roaming\JetBrains\IntelliJIdea2023.3\jdbc-drivers\Oracle\21.5.0.0\com\oracle\database\xml\xdb\21.5.0.0\xdb-21.5.0.0.jar;C:\Users\EWGCS\AppData\Roaming\JetBrains\IntelliJIdea2023.3\jdbc-drivers\Oracle\21.5.0.0\com\oracle\database\xml\xmlparserv2\21.5.0.0\xmlparserv2-21.5.0.0.jar;C:\Users\EWGCS\AppData\Roaming\JetBrains\IntelliJIdea2023.3\jdbc-drivers\Oracle\21.5.0.0\com\oracle\database\nls\orai18n\21.5.0.0\orai18n-21.5.0.0.jar;C:\Users\EWGCS\AppData\Roaming\JetBrains\IntelliJIdea2023.3\jdbc-drivers\Oracle\21.5.0.0\com\oracle\database\jdbc\ucp\21.5.0.0\ucp-21.5.0.0.jar;C:\Users\EWGCS\AppData\Roaming\JetBrains\IntelliJIdea2023.3\jdbc-drivers\Oracle\21.5.0.0\com\oracle\database\jdbc\rsi\21.5.0.0\rsi-21.5.0.0.jar;C:\Users\EWGCS\AppData\Roaming\JetBrains\IntelliJIdea2023.3\jdbc-drivers\Oracle\21.5.0.0\com\oracle\database\security\osdt_core\21.5.0.0\osdt_core-21.5.0.0.jar;C:\Users\EWGCS\AppData\Roaming\JetBrains\IntelliJIdea2023.3\jdbc-drivers\Oracle\21.5.0.0\com\oracle\database\security\osdt_cert\21.5.0.0\osdt_cert-21.5.0.0.jar;C:\Users\EWGCS\AppData\Roaming\JetBrains\IntelliJIdea2023.3\jdbc-drivers\Oracle\21.5.0.0\com\oracle\database\security\oraclepki\21.5.0.0\oraclepki-21.5.0.0.jar --add-exports=java.desktop/sun.awt=ALL-UNNAMED --add-exports=java.desktop/java.awt.peer=ALL-UNNAMED --add-opens=java.desktop/java.awt=ALL-UNNAMED --add-opens=jdk.unsupported/sun.misc=ALL-UNNAMED --add-opens=java.base/java.nio=ALL-UNNAMED --add-opens=java.base/java.util=ALL-UNNAMED -Dfile.encoding=UTF-8 com.intellij.database.remote.RemoteJdbcServer oracle.jdbc.OracleDriver

Host: Intel(R) Core(TM) i7-6820HQ CPU @ 2.70GHz, 8 cores, 7G,  Windows 10 , 64 bit Build 19041 (10.0.19041.3570)
Time: Tue Jan  2 15:09:12 2024 India Standard Time elapsed time: 0.049499 seconds (0d 0h 0m 0s)

---------------  T H R E A D  ---------------

Current thread (0x000001dd3b1da620):  JavaThread "Unknown thread" [_thread_in_vm, id=17512, stack(0x0000006b76700000,0x0000006b76800000)]

Stack: [0x0000006b76700000,0x0000006b76800000]
Native frames: (J=compiled Java code, j=interpreted, Vv=VM code, C=native code)
V  [jvm.dll+0x6886e9]
V  [jvm.dll+0x841e4a]
V  [jvm.dll+0x843a8e]
V  [jvm.dll+0x8440f3]
V  [jvm.dll+0x24c14f]
V  [jvm.dll+0x685499]
V  [jvm.dll+0x679c2a]
V  [jvm.dll+0x30cf9b]
V  [jvm.dll+0x314446]
V  [jvm.dll+0x364273]
V  [jvm.dll+0x36448f]
V  [jvm.dll+0x2e2d68]
V  [jvm.dll+0x2e3cd4]
V  [jvm.dll+0x8129f1]
V  [jvm.dll+0x3720c1]
V  [jvm.dll+0x7f152c]
V  [jvm.dll+0x3f5d4f]
V  [jvm.dll+0x3f7981]
C  [jli.dll+0x528f]
C  [ucrtbase.dll+0x21bb2]
C  [KERNEL32.DLL+0x17344]
C  [ntdll.dll+0x526b1]


---------------  P R O C E S S  ---------------

Threads class SMR info:
_java_thread_list=0x00007fff6399ef18, length=0, elements={
}

Java Threads: ( => current thread )

Other Threads:
  0x000001dd3b237450 GCTaskThread "GC Thread#0" [stack: 0x0000006b76800000,0x0000006b76900000] [id=8632]
  0x000001dd3b2481b0 ConcurrentGCThread "G1 Main Marker" [stack: 0x0000006b76900000,0x0000006b76a00000] [id=7936]
  0x000001dd3b249180 ConcurrentGCThread "G1 Conc#0" [stack: 0x0000006b76a00000,0x0000006b76b00000] [id=15320]

[error occurred during error reporting (printing all threads), id 0xc0000005, EXCEPTION_ACCESS_VIOLATION (0xc0000005) at pc=0x00007fff63153937]

VM state: not at safepoint (not fully initialized)

VM Mutex/Monitor currently owned by a thread:  ([mutex/lock_event])
[0x000001dd3b1d6660] Heap_lock - owner thread: 0x000001dd3b1da620

Heap address: 0x0000000080000000, size: 2048 MB, Compressed Oops mode: 32-bit

CDS archive(s) mapped at: [0x0000000000000000-0x0000000000000000-0x0000000000000000), size 0, SharedBaseAddress: 0x0000000800000000, ArchiveRelocationMode: 1.
Narrow klass base: 0x0000000000000000, Narrow klass shift: 0, Narrow klass range: 0x0

GC Precious Log:
<Empty>

Heap:
 garbage-first heap   total 0K, used 0K [0x0000000080000000, 0x0000000100000000)
  region size 1024K, 0 young (0K), 0 survivors (0K)
 Metaspace       used 0K, committed 0K, reserved 0K
  class space    used 0K, committed 0K, reserved 0K

Heap Regions: E=young(eden), S=young(survivor), O=old, HS=humongous(starts), HC=humongous(continues), CS=collection set, F=free, OA=open archive, CA=closed archive, TAMS=top-at-mark-start (previous, next)

Card table byte_map: [0x000001dd4e090000,0x000001dd4e490000] _byte_map_base: 0x000001dd4dc90000

Marking Bits (Prev, Next): (CMBitMap*) 0x000001dd3b237880, (CMBitMap*) 0x000001dd3b2378c0
 Prev Bits: [0x000001dd4e890000, 0x000001dd50890000)
 Next Bits: [0x000001dd50890000, 0x000001dd52890000)

GC Heap History (0 events):
No events

Dll operation events (1 events):
Event: 0.032 Loaded shared library C:\JetBrains\IntelliJ IDEA 2023.3\jbr\bin\java.dll

Deoptimization events (0 events):
No events

Classes unloaded (0 events):
No events

Classes redefined (0 events):
No events

Internal exceptions (0 events):
No events

VM Operations (0 events):
No events

Events (0 events):
No events


Dynamic libraries:
0x00007ff62b750000 - 0x00007ff62b75a000 	C:\JetBrains\IntelliJ IDEA 2023.3\jbr\bin\java.exe
0x00007fffa82b0000 - 0x00007fffa84a7000 	C:\WINDOWS\SYSTEM32\ntdll.dll
0x00007fffa6d10000 - 0x00007fffa6dcd000 	C:\WINDOWS\System32\KERNEL32.DLL
0x00007fffa5b30000 - 0x00007fffa5e26000 	C:\WINDOWS\System32\KERNELBASE.dll
0x00007fffa5a30000 - 0x00007fffa5b30000 	C:\WINDOWS\System32\ucrtbase.dll
0x00007fff7ed70000 - 0x00007fff7ed87000 	C:\JetBrains\IntelliJ IDEA 2023.3\jbr\bin\jli.dll
0x00007fff9a620000 - 0x00007fff9a63b000 	C:\JetBrains\IntelliJ IDEA 2023.3\jbr\bin\VCRUNTIME140.dll
0x00007fffa7b60000 - 0x00007fffa7cfe000 	C:\WINDOWS\System32\USER32.dll
0x00007fff931a0000 - 0x00007fff9343a000 	C:\WINDOWS\WinSxS\amd64_microsoft.windows.common-controls_6595b64144ccf1df_6.0.19041.3570_none_60bb2a3971f3e41a\COMCTL32.dll
0x00007fffa62e0000 - 0x00007fffa6302000 	C:\WINDOWS\System32\win32u.dll
0x00007fffa8090000 - 0x00007fffa812e000 	C:\WINDOWS\System32\msvcrt.dll
0x00007fffa6ce0000 - 0x00007fffa6d0c000 	C:\WINDOWS\System32\GDI32.dll
0x00007fffa61c0000 - 0x00007fffa62da000 	C:\WINDOWS\System32\gdi32full.dll
0x00007fffa5e30000 - 0x00007fffa5ecd000 	C:\WINDOWS\System32\msvcp_win.dll
0x00007fffa78f0000 - 0x00007fffa7920000 	C:\WINDOWS\System32\IMM32.DLL
0x00007fff9a610000 - 0x00007fff9a61c000 	C:\JetBrains\IntelliJ IDEA 2023.3\jbr\bin\vcruntime140_1.dll
0x00007fff71160000 - 0x00007fff711ed000 	C:\JetBrains\IntelliJ IDEA 2023.3\jbr\bin\msvcp140.dll
0x00007fff62e60000 - 0x00007fff63ae3000 	C:\JetBrains\IntelliJ IDEA 2023.3\jbr\bin\server\jvm.dll
0x00007fffa7ab0000 - 0x00007fffa7b5e000 	C:\WINDOWS\System32\ADVAPI32.dll
0x00007fffa7630000 - 0x00007fffa76cc000 	C:\WINDOWS\System32\sechost.dll
0x00007fffa7980000 - 0x00007fffa7aa6000 	C:\WINDOWS\System32\RPCRT4.dll
0x00007fffa38d0000 - 0x00007fffa38d9000 	C:\WINDOWS\SYSTEM32\WSOCK32.dll
0x00007fff935b0000 - 0x00007fff935d7000 	C:\WINDOWS\SYSTEM32\WINMM.dll
0x00007fffa5740000 - 0x00007fffa578b000 	C:\WINDOWS\SYSTEM32\POWRPROF.dll
0x00007fffa64a0000 - 0x00007fffa650b000 	C:\WINDOWS\System32\WS2_32.dll
0x00007fff9d9f0000 - 0x00007fff9d9fa000 	C:\WINDOWS\SYSTEM32\VERSION.dll
0x00007fffa56b0000 - 0x00007fffa56c2000 	C:\WINDOWS\SYSTEM32\UMPDC.dll
0x00007fffa41c0000 - 0x00007fffa41d2000 	C:\WINDOWS\SYSTEM32\kernel.appcore.dll
0x00007fff9f6d0000 - 0x00007fff9f6da000 	C:\JetBrains\IntelliJ IDEA 2023.3\jbr\bin\jimage.dll
0x00007fffa36e0000 - 0x00007fffa38c4000 	C:\WINDOWS\SYSTEM32\DBGHELP.DLL
0x00007fff8fba0000 - 0x00007fff8fbd4000 	C:\WINDOWS\SYSTEM32\dbgcore.DLL
0x00007fffa60e0000 - 0x00007fffa6162000 	C:\WINDOWS\System32\bcryptPrimitives.dll
0x00007fff79090000 - 0x00007fff790b5000 	C:\JetBrains\IntelliJ IDEA 2023.3\jbr\bin\java.dll

dbghelp: loaded successfully - version: 4.0.5 - missing functions: none
symbol engine: initialized successfully - sym options: 0x614 - pdb path: .;C:\JetBrains\IntelliJ IDEA 2023.3\jbr\bin;C:\WINDOWS\SYSTEM32;C:\WINDOWS\WinSxS\amd64_microsoft.windows.common-controls_6595b64144ccf1df_6.0.19041.3570_none_60bb2a3971f3e41a;C:\JetBrains\IntelliJ IDEA 2023.3\jbr\bin\server

VM Arguments:
jvm_args: -Djava.rmi.server.hostname=127.0.0.1 -Duser.timezone=UTC -Xmx2048m -Xms128m -Djdbc.classpath=C:\JetBrains\IntelliJ IDEA 2023.3\plugins\DatabaseTools\lib\jdbc-console.jar;C:\Users\EWGCS\AppData\Roaming\JetBrains\IntelliJIdea2023.3\jdbc-drivers\Oracle\21.5.0.0\com\oracle\database\jdbc\ojdbc11\21.5.0.0\ojdbc11-21.5.0.0.jar;C:\Users\EWGCS\AppData\Roaming\JetBrains\IntelliJIdea2023.3\jdbc-drivers\Oracle\21.5.0.0\com\oracle\database\xml\xdb\21.5.0.0\xdb-21.5.0.0.jar;C:\Users\EWGCS\AppData\Roaming\JetBrains\IntelliJIdea2023.3\jdbc-drivers\Oracle\21.5.0.0\com\oracle\database\xml\xmlparserv2\21.5.0.0\xmlparserv2-21.5.0.0.jar;C:\Users\EWGCS\AppData\Roaming\JetBrains\IntelliJIdea2023.3\jdbc-drivers\Oracle\21.5.0.0\com\oracle\database\nls\orai18n\21.5.0.0\orai18n-21.5.0.0.jar;C:\Users\EWGCS\AppData\Roaming\JetBrains\IntelliJIdea2023.3\jdbc-drivers\Oracle\21.5.0.0\com\oracle\database\jdbc\ucp\21.5.0.0\ucp-21.5.0.0.jar;C:\Users\EWGCS\AppData\Roaming\JetBrains\IntelliJIdea2023.3\jdbc-drivers\Oracle\21.5.0.0\com\oracle\database\jdbc\rsi\21.5.0.0\rsi-21.5.0.0.jar;C:\Users\EWGCS\AppData\Roaming\JetBrains\IntelliJIdea2023.3\jdbc-drivers\Oracle\21.5.0.0\com\oracle\database\security\osdt_core\21.5.0.0\osdt_core-21.5.0.0.jar;C:\Users\EWGCS\AppData\Roaming\JetBrains\IntelliJIdea2023.3\jdbc-drivers\Oracle\21.5.0.0\com\oracle\database\security\osdt_cert\21.5.0.0\osdt_cert-21.5.0.0.jar;C:\Users\EWGCS\AppData\Roaming\JetBrains\IntelliJIdea2023.3\jdbc-drivers\Oracle\21.5.0.0\com\oracle\database\security\oraclepki\21.5.0.0\oraclepki-21.5.0.0.jar --add-exports=java.desktop/sun.awt=ALL-UNNAMED --add-exports=java.desktop/java.awt.peer=ALL-UNNAMED --add-opens=java.desktop/java.awt=ALL-UNNAMED --add-opens=jdk.unsupported/sun.misc=ALL-UNNAMED --add-opens=java.base/java.nio=ALL-UNNAMED --add-opens=java.base/java.util=ALL-UNNAMED -Dfile.encoding=UTF-8 
java_command: com.intellij.database.remote.RemoteJdbcServer oracle.jdbc.OracleDriver
java_class_path (initial): C:\JetBrains\IntelliJ IDEA 2023.3\lib\util_rt.jar;C:\JetBrains\IntelliJ IDEA 2023.3\lib\util-8.jar;C:\JetBrains\IntelliJ IDEA 2023.3\lib\groovy.jar;C:\JetBrains\IntelliJ IDEA 2023.3\plugins\DatabaseTools\lib\jdbc-console.jar;C:\JetBrains\IntelliJ IDEA 2023.3\plugins\grid-core-impl\lib\jdbc-console-types.jar;C:\JetBrains\IntelliJ IDEA 2023.3\lib\util.jar
Launcher Type: SUN_STANDARD

[Global flags]
     intx CICompilerCount                          = 4                                         {product} {ergonomic}
     uint ConcGCThreads                            = 2                                         {product} {ergonomic}
     uint G1ConcRefinementThreads                  = 8                                         {product} {ergonomic}
   size_t G1HeapRegionSize                         = 1048576                                   {product} {ergonomic}
    uintx GCDrainStackTargetSize                   = 64                                        {product} {ergonomic}
   size_t InitialHeapSize                          = 134217728                                 {product} {command line}
   size_t MarkStackSize                            = 4194304                                   {product} {ergonomic}
   size_t MaxHeapSize                              = 2147483648                                {product} {command line}
   size_t MinHeapDeltaBytes                        = 1048576                                   {product} {ergonomic}
   size_t MinHeapSize                              = 134217728                                 {product} {command line}
    uintx NonNMethodCodeHeapSize                   = 5839372                                {pd product} {ergonomic}
    uintx NonProfiledCodeHeapSize                  = 122909434                              {pd product} {ergonomic}
    uintx ProfiledCodeHeapSize                     = 122909434                              {pd product} {ergonomic}
    uintx ReservedCodeCacheSize                    = 251658240                              {pd product} {ergonomic}
     bool SegmentedCodeCache                       = true                                      {product} {ergonomic}
   size_t SoftMaxHeapSize                          = 2147483648                             {manageable} {ergonomic}
     bool UseCompressedClassPointers               = true                           {product lp64_product} {ergonomic}
     bool UseCompressedOops                        = true                           {product lp64_product} {ergonomic}
     bool UseG1GC                                  = true                                      {product} {ergonomic}
     bool UseLargePagesIndividualAllocation        = false                                  {pd product} {ergonomic}

Logging:
Log output configuration:
 #0: stdout all=warning uptime,level,tags
 #1: stderr all=off uptime,level,tags

Environment Variables:
PATH=C:\OracleDB\db_home\bin;C:\Program Files\Common Files\Oracle\Java\javapath;C:\WINDOWS\system32;C:\WINDOWS;C:\WINDOWS\System32\Wbem;C:\WINDOWS\System32\WindowsPowerShell\v1.0\;C:\WINDOWS\System32\OpenSSH\;C:\nodejs\;C:\Program Files\Git\cmd;C:\Program Files\TortoiseSVN\bin;C:\Program Files\MySQL\MySQL Shell 8.0\bin\;C:\Users\EWGCS\AppData\Local\Microsoft\WindowsApps;C:\Users\EWGCS\AppData\Roaming\npm;C:\Microsoft VS Code\bin;C:\Users\EWGCS\AppData\Local\GitHubDesktop\bin
USERNAME=EWGCS
OS=Windows_NT
PROCESSOR_IDENTIFIER=Intel64 Family 6 Model 94 Stepping 3, GenuineIntel
TMP=C:\Users\EWGCS\AppData\Local\Temp
TEMP=C:\Users\EWGCS\AppData\Local\Temp



Periodic native trim disabled

JNI global refs:
JNI global refs: 0, weak refs: 0

JNI global refs memory usage: 0, weak refs: 0

OOME stack traces (most recent first):
Classloader memory used:


---------------  S Y S T E M  ---------------

OS:
 Windows 10 , 64 bit Build 19041 (10.0.19041.3570)
OS uptime: 4 days 4:43 hours

CPU: total 8 (initial active 8) (4 cores per cpu, 2 threads per core) family 6 model 94 stepping 3 microcode 0xcc, cx8, cmov, fxsr, ht, mmx, 3dnowpref, sse, sse2, sse3, ssse3, sse4.1, sse4.2, popcnt, lzcnt, tsc, tscinvbit, avx, avx2, aes, erms, clmul, bmi1, bmi2, rtm, adx, fma, vzeroupper, clflush, clflushopt
Processor Information for all 8 processors :
  Max Mhz: 2701, Current Mhz: 2701, Mhz Limit: 2701

Memory: 4k page, system-wide physical 7865M (1434M free)
TotalPageFile size 32441M (AvailPageFile size 6M)
current process WorkingSet (physical memory assigned to process): 10M, peak: 10M
current process commit charge ("private bytes"): 188M, peak: 190M

vm_info: OpenJDK 64-Bit Server VM (17.0.9+7-b1087.7) for windows-amd64 JRE (17.0.9+7-b1087.7), built on 2023-11-17 by "builduser" with MS VC++ 16.10 / 16.11 (VS2019)

END.
